

*******************************************************************************
Wed Apr 29 23:43:15 2020


FIT:    data read from "integ_hw2.dat" using 1:2
        format = x:z
        #datapoints = 125
        residuals are weighted equally (unit weight)

function used for fitting: f(x) [0.75:1.75]
	f(x) = m*x + b
fitted parameters initialized with current variable values



*******************************************************************************
Wed Apr 29 23:43:51 2020


FIT:    data read from "integ_hw2.dat" using 1:3
        format = x:z
        x range restricted to [1.00000 : 1.50000]
        #datapoints = 5
        residuals are weighted equally (unit weight)

function used for fitting: f(x)
	f(x) = m*x + b
fitted parameters initialized with current variable values

iter      chisq       delta/lim  lambda   m             b            
   0 4.6204274828e+02   0.00e+00  1.17e+00    1.000000e+00   1.000000e+00
   4 2.5756551952e-01  -1.79e-01  1.17e-04   -5.225295e+00  -4.532159e-01

After 4 iterations the fit converged.
final sum of squares of residuals : 0.257566
rel. change during last iteration : -1.79424e-06

degrees of freedom    (FIT_NDF)                        : 3
rms of residuals      (FIT_STDFIT) = sqrt(WSSR/ndf)    : 0.293011
variance of residuals (reduced chisquare) = WSSR/ndf   : 0.0858552

Final set of parameters            Asymptotic Standard Error
=======================            ==========================
m               = -5.2253          +/- 1.064        (20.37%)
b               = -0.453216        +/- 1.396        (308%)

correlation matrix of the fit parameters:
                m      b      
m               1.000 
b              -0.996  1.000 


*******************************************************************************
Wed Apr 29 23:44:02 2020


FIT:    data read from "integ_hw2.dat" using 1:2
        format = x:z
        x range restricted to [1.00000 : 1.50000]
        #datapoints = 5
        residuals are weighted equally (unit weight)

function used for fitting: f(x)
	f(x) = m*x + b
fitted parameters initialized with current variable values

iter      chisq       delta/lim  lambda   m             b            
   0 1.7746557952e+01   0.00e+00  4.86e+00   -5.225295e+00  -4.532159e-01
   6 7.1800944973e-05  -4.53e-10  4.86e-05   -4.231094e+00   1.289420e-01

After 6 iterations the fit converged.
final sum of squares of residuals : 7.18009e-05
rel. change during last iteration : -4.53003e-15

degrees of freedom    (FIT_NDF)                        : 3
rms of residuals      (FIT_STDFIT) = sqrt(WSSR/ndf)    : 0.0048922
variance of residuals (reduced chisquare) = WSSR/ndf   : 2.39336e-05

Final set of parameters            Asymptotic Standard Error
=======================            ==========================
m               = -4.23109         +/- 0.01777      (0.4201%)
b               = 0.128942         +/- 0.0233       (18.07%)

correlation matrix of the fit parameters:
                m      b      
m               1.000 
b              -0.996  1.000 
