

*******************************************************************************
Sun Apr 26 19:04:04 2020


FIT:    data read from "random_walk_length.dat" using (log10($1)):(log10($2))
        format = x:z
        x range restricted to [1.00000 : 5.00000]
        #datapoints = 14
        residuals are weighted equally (unit weight)

function used for fitting: f(x)
	f(x) = m*x + b
fitted parameters initialized with current variable values

iter      chisq       delta/lim  lambda   m             b            
   0 9.0024335324e+01   0.00e+00  2.37e+00    1.000000e+00   1.000000e+00
   4 3.0269580489e-02  -1.60e-04  2.37e-04    4.907970e-01   4.662907e-02

After 4 iterations the fit converged.
final sum of squares of residuals : 0.0302696
rel. change during last iteration : -1.60336e-09

degrees of freedom    (FIT_NDF)                        : 12
rms of residuals      (FIT_STDFIT) = sqrt(WSSR/ndf)    : 0.0502241
variance of residuals (reduced chisquare) = WSSR/ndf   : 0.00252247

Final set of parameters            Asymptotic Standard Error
=======================            ==========================
m               = 0.490797         +/- 0.01106      (2.254%)
b               = 0.0466291        +/- 0.03535      (75.82%)

correlation matrix of the fit parameters:
                m      b      
m               1.000 
b              -0.925  1.000 


*******************************************************************************
Sun Apr 26 19:11:11 2020


FIT:    data read from "random_walk_length.dat" using (log10($1)):(log10($2))
        format = x:z
        x range restricted to [1.00000 : 5.00000]
        #datapoints = 14
        residuals are weighted equally (unit weight)

function used for fitting: f(x)
	f(x) = m*x + b
fitted parameters initialized with current variable values

iter      chisq       delta/lim  lambda   m             b            
   0 3.0269580489e-02   0.00e+00  1.11e+00    4.907970e-01   4.662907e-02
   1 3.0269580489e-02  -2.29e-11  1.11e+00    4.907970e-01   4.662907e-02

After 1 iterations the fit converged.
final sum of squares of residuals : 0.0302696
rel. change during last iteration : -2.29237e-16

degrees of freedom    (FIT_NDF)                        : 12
rms of residuals      (FIT_STDFIT) = sqrt(WSSR/ndf)    : 0.0502241
variance of residuals (reduced chisquare) = WSSR/ndf   : 0.00252247

Final set of parameters            Asymptotic Standard Error
=======================            ==========================
m               = 0.490797         +/- 0.01106      (2.254%)
b               = 0.0466291        +/- 0.03535      (75.82%)

correlation matrix of the fit parameters:
                m      b      
m               1.000 
b              -0.925  1.000 


*******************************************************************************
Sun Apr 26 21:32:50 2020


FIT:    data read from "mc_integration.dat" using (log10($1)):(log10($4))
        format = x:z
        x range restricted to [1.00000 : 6.00000]
        #datapoints = 17
        residuals are weighted equally (unit weight)

function used for fitting: f(x)
	f(x) = m*x+b
BREAK: Need via and either parameter list or file

*******************************************************************************
Sun Apr 26 21:33:17 2020


FIT:    data read from "mc_integration.dat" using (log10($1)):(log10($4))
        format = x:z
        x range restricted to [1.00000 : 6.00000]
        #datapoints = 17
        residuals are weighted equally (unit weight)

function used for fitting: f(x)
	f(x) = m*x+b
fitted parameters initialized with current variable values

iter      chisq       delta/lim  lambda   m             b            
   0 8.3939160512e+02   0.00e+00  2.72e+00    1.000000e+00   1.000000e+00
   4 3.4018344425e+00  -2.40e-06  2.72e-04   -5.540127e-01  -3.310465e-01

After 4 iterations the fit converged.
final sum of squares of residuals : 3.40183
rel. change during last iteration : -2.39573e-11

degrees of freedom    (FIT_NDF)                        : 15
rms of residuals      (FIT_STDFIT) = sqrt(WSSR/ndf)    : 0.476224
variance of residuals (reduced chisquare) = WSSR/ndf   : 0.226789

Final set of parameters            Asymptotic Standard Error
=======================            ==========================
m               = -0.554013        +/- 0.07832      (14.14%)
b               = -0.331047        +/- 0.2908       (87.86%)

correlation matrix of the fit parameters:
                m      b      
m               1.000 
b              -0.918  1.000 


*******************************************************************************
Sun Apr 26 21:35:53 2020


FIT:    data read from "mc_integration.dat" using (log10($1)):(log10($4))
        format = x:z
        x range restricted to [1.00000 : 6.00000]
        #datapoints = 17
        residuals are weighted equally (unit weight)

function used for fitting: f(x)
	f(x) = m*x+b
fitted parameters initialized with current variable values

iter      chisq       delta/lim  lambda   m             b            
   0 3.6288326338e+00   0.00e+00  1.47e+00   -5.540127e-01  -3.310465e-01
   4 2.5198862604e+00  -2.78e-05  1.47e-04   -4.114744e-01  -6.717814e-01

After 4 iterations the fit converged.
final sum of squares of residuals : 2.51989
rel. change during last iteration : -2.78473e-10

degrees of freedom    (FIT_NDF)                        : 15
rms of residuals      (FIT_STDFIT) = sqrt(WSSR/ndf)    : 0.409869
variance of residuals (reduced chisquare) = WSSR/ndf   : 0.167992

Final set of parameters            Asymptotic Standard Error
=======================            ==========================
m               = -0.411474        +/- 0.06741      (16.38%)
b               = -0.671781        +/- 0.2503       (37.26%)

correlation matrix of the fit parameters:
                m      b      
m               1.000 
b              -0.918  1.000 


*******************************************************************************
Sun Apr 26 21:36:04 2020


FIT:    data read from "mc_integration.dat" using (log10($1)):(log10($4))
        format = x:z
        x range restricted to [1.00000 : 6.00000]
        #datapoints = 17
        residuals are weighted equally (unit weight)

function used for fitting: f(x)
	f(x) = m*x+b
fitted parameters initialized with current variable values

iter      chisq       delta/lim  lambda   m             b            
   0 3.7231717714e+00   0.00e+00  1.18e+00   -4.114744e-01  -6.717814e-01
   4 1.9341865375e+00  -9.15e-08  1.18e-04   -5.959755e-01   1.336802e-01

After 4 iterations the fit converged.
final sum of squares of residuals : 1.93419
rel. change during last iteration : -9.15186e-13

degrees of freedom    (FIT_NDF)                        : 15
rms of residuals      (FIT_STDFIT) = sqrt(WSSR/ndf)    : 0.35909
variance of residuals (reduced chisquare) = WSSR/ndf   : 0.128946

Final set of parameters            Asymptotic Standard Error
=======================            ==========================
m               = -0.595975        +/- 0.05906      (9.909%)
b               = 0.13368          +/- 0.2193       (164.1%)

correlation matrix of the fit parameters:
                m      b      
m               1.000 
b              -0.918  1.000 


*******************************************************************************
Sun Apr 26 21:37:31 2020


FIT:    data read from "mc_integration.dat" using (log10($1)):(log10($4))
        format = x:z
        x range restricted to [1.00000 : 6.00000]
        #datapoints = 17
        residuals are weighted equally (unit weight)

function used for fitting: f(x)
	f(x) = m*x+b
fitted parameters initialized with current variable values

iter      chisq       delta/lim  lambda   m             b            
   0 3.7050071423e+00   0.00e+00  1.57e+00   -5.959755e-01   1.336802e-01
   4 3.6234013390e+00  -5.97e-03  1.57e-04   -5.603570e-01  -3.289529e-02

After 4 iterations the fit converged.
final sum of squares of residuals : 3.6234
rel. change during last iteration : -5.97442e-08

degrees of freedom    (FIT_NDF)                        : 15
rms of residuals      (FIT_STDFIT) = sqrt(WSSR/ndf)    : 0.491488
variance of residuals (reduced chisquare) = WSSR/ndf   : 0.24156

Final set of parameters            Asymptotic Standard Error
=======================            ==========================
m               = -0.560357        +/- 0.08083      (14.42%)
b               = -0.0328953       +/- 0.3002       (912.5%)

correlation matrix of the fit parameters:
                m      b      
m               1.000 
b              -0.918  1.000 
